\n=== iPerf3 Individual Execution ===\nReturn code: 0\nSTDOUT:\ntotal 56
drwxr-xr-x    6 lld_mac_client  staff    192 Feb 20 07:50 .
drwxr-x---+ 185 lld_mac_client  staff   5920 Feb 20 07:50 ..
-rw-r--r--    1 lld_mac_client  staff   2835 Feb 20 07:51 US_HSI029_cma456ccfe0e3f_Combined_1QUIC_LL.txt
-rw-r--r--    1 lld_mac_client  staff   2275 Feb 20 07:51 US_HSI029_cma456ccfe0e3f_Combined_1UDP_CL.txt
-rw-r--r--    1 lld_mac_client  staff   2271 Feb 20 07:51 US_HSI029_cma456ccfe0e3f_Combined_1UDP_LL.txt
-rw-r--r--    1 lld_mac_client  staff  14383 Feb 20 07:51 US_HSI029_cma456ccfe0e3f_Combined_4QUIC_CL.txt
\nSTDERR:\nWarning: Permanently added '96.37.176.11' (ED25519) to the list of known hosts.
\n\n=== iPerf3 Individual Execution ===\nReturn code: 0\nSTDOUT:\ntotal 56
drwxr-xr-x    6 lld_mac_client  staff    192 Feb 20 07:50 .
drwxr-x---+ 185 lld_mac_client  staff   5920 Feb 20 07:50 ..
-rw-r--r--    1 lld_mac_client  staff   2842 Feb 20 07:52 US_HSI029_cma456ccfe0e3f_Combined_1QUIC_LL.txt
-rw-r--r--    1 lld_mac_client  staff   2271 Feb 20 07:52 US_HSI029_cma456ccfe0e3f_Combined_1UDP_CL.txt
-rw-r--r--    1 lld_mac_client  staff   2271 Feb 20 07:52 US_HSI029_cma456ccfe0e3f_Combined_1UDP_LL.txt
-rw-r--r--    1 lld_mac_client  staff  14383 Feb 20 07:52 US_HSI029_cma456ccfe0e3f_Combined_4QUIC_CL.txt
\nSTDERR:\nWarning: Permanently added '96.37.176.11' (ED25519) to the list of known hosts.
\n\n=== iPerf3 Individual Execution ===\nReturn code: 0\nSTDOUT:\ntotal 56
drwxr-xr-x    6 lld_mac_client  staff    192 Feb 20 07:50 .
drwxr-x---+ 185 lld_mac_client  staff   5920 Feb 20 07:50 ..
-rw-r--r--    1 lld_mac_client  staff   2842 Feb 20 07:52 US_HSI029_cma456ccfe0e3f_Combined_1QUIC_LL.txt
-rw-r--r--    1 lld_mac_client  staff   2275 Feb 20 07:52 US_HSI029_cma456ccfe0e3f_Combined_1UDP_CL.txt
-rw-r--r--    1 lld_mac_client  staff   2271 Feb 20 07:52 US_HSI029_cma456ccfe0e3f_Combined_1UDP_LL.txt
-rw-r--r--    1 lld_mac_client  staff  14381 Feb 20 07:52 US_HSI029_cma456ccfe0e3f_Combined_4QUIC_CL.txt
\nSTDERR:\nWarning: Permanently added '96.37.176.11' (ED25519) to the list of known hosts.
\n