\n=== iPerf3 Individual Execution ===\nReturn code: 0\nSTDOUT:\ntotal 168
drwxr-xr-x    6 lld_mac_client  staff    192 Feb 12 22:35 .
drwxr-x---+ 156 lld_mac_client  staff   4992 Feb 12 22:35 ..
-rw-r--r--    1 lld_mac_client  staff  15144 Feb 12 22:36 US_HSI016_Combined_1QUIC_LL.json
-rw-r--r--    1 lld_mac_client  staff  16196 Feb 12 22:36 US_HSI016_Combined_1UDP_CL.json
-rw-r--r--    1 lld_mac_client  staff  16186 Feb 12 22:36 US_HSI016_Combined_1UDP_LL.json
-rw-r--r--    1 lld_mac_client  staff  36451 Feb 12 22:36 US_HSI016_Combined_4QUIC_CL.json
\nSTDERR:\nWarning: Permanently added '96.37.176.11' (ED25519) to the list of known hosts.
\n\n=== iPerf3 Individual Execution ===\nReturn code: 0\nSTDOUT:\ntotal 168
drwxr-xr-x    6 lld_mac_client  staff    192 Feb 12 22:35 .
drwxr-x---+ 156 lld_mac_client  staff   4992 Feb 12 22:35 ..
-rw-r--r--    1 lld_mac_client  staff  15090 Feb 12 22:37 US_HSI016_Combined_1QUIC_LL.json
-rw-r--r--    1 lld_mac_client  staff  16158 Feb 12 22:37 US_HSI016_Combined_1UDP_CL.json
-rw-r--r--    1 lld_mac_client  staff  16141 Feb 12 22:37 US_HSI016_Combined_1UDP_LL.json
-rw-r--r--    1 lld_mac_client  staff  36409 Feb 12 22:37 US_HSI016_Combined_4QUIC_CL.json
\nSTDERR:\nWarning: Permanently added '96.37.176.11' (ED25519) to the list of known hosts.
\n\n=== iPerf3 Individual Execution ===\nReturn code: 0\nSTDOUT:\ntotal 168
drwxr-xr-x    6 lld_mac_client  staff    192 Feb 12 22:35 .
drwxr-x---+ 156 lld_mac_client  staff   4992 Feb 12 22:35 ..
-rw-r--r--    1 lld_mac_client  staff  15167 Feb 12 22:37 US_HSI016_Combined_1QUIC_LL.json
-rw-r--r--    1 lld_mac_client  staff  16164 Feb 12 22:37 US_HSI016_Combined_1UDP_CL.json
-rw-r--r--    1 lld_mac_client  staff  16175 Feb 12 22:37 US_HSI016_Combined_1UDP_LL.json
-rw-r--r--    1 lld_mac_client  staff  36429 Feb 12 22:37 US_HSI016_Combined_4QUIC_CL.json
\nSTDERR:\nWarning: Permanently added '96.37.176.11' (ED25519) to the list of known hosts.
\n