\n=== iPerf3 Individual Execution ===\nReturn code: 0\nSTDOUT:\ntotal 56
drwxr-xr-x    6 lld_mac_client  staff    192 Feb 13 10:56 .
drwxr-x---+ 180 lld_mac_client  staff   5760 Feb 13 10:56 ..
-rw-r--r--    1 lld_mac_client  staff   2837 Feb 13 10:57 US_HSI029_Combined_1QUIC_LL.txt
-rw-r--r--    1 lld_mac_client  staff   2274 Feb 13 10:57 US_HSI029_Combined_1UDP_CL.txt
-rw-r--r--    1 lld_mac_client  staff   2271 Feb 13 10:57 US_HSI029_Combined_1UDP_LL.txt
-rw-r--r--    1 lld_mac_client  staff  14379 Feb 13 10:57 US_HSI029_Combined_4QUIC_CL.txt
\nSTDERR:\nWarning: Permanently added '96.37.176.11' (ED25519) to the list of known hosts.
\n\n=== iPerf3 Individual Execution ===\nReturn code: 0\nSTDOUT:\ntotal 56
drwxr-xr-x    6 lld_mac_client  staff    192 Feb 13 10:56 .
drwxr-x---+ 180 lld_mac_client  staff   5760 Feb 13 10:56 ..
-rw-r--r--    1 lld_mac_client  staff   2841 Feb 13 10:58 US_HSI029_Combined_1QUIC_LL.txt
-rw-r--r--    1 lld_mac_client  staff   2275 Feb 13 10:58 US_HSI029_Combined_1UDP_CL.txt
-rw-r--r--    1 lld_mac_client  staff   2271 Feb 13 10:58 US_HSI029_Combined_1UDP_LL.txt
-rw-r--r--    1 lld_mac_client  staff  14387 Feb 13 10:58 US_HSI029_Combined_4QUIC_CL.txt
\nSTDERR:\nWarning: Permanently added '96.37.176.11' (ED25519) to the list of known hosts.
\n\n=== iPerf3 Individual Execution ===\nReturn code: 0\nSTDOUT:\ntotal 56
drwxr-xr-x    6 lld_mac_client  staff    192 Feb 13 10:56 .
drwxr-x---+ 180 lld_mac_client  staff   5760 Feb 13 10:56 ..
-rw-r--r--    1 lld_mac_client  staff   2846 Feb 13 10:59 US_HSI029_Combined_1QUIC_LL.txt
-rw-r--r--    1 lld_mac_client  staff   2275 Feb 13 10:59 US_HSI029_Combined_1UDP_CL.txt
-rw-r--r--    1 lld_mac_client  staff   2271 Feb 13 10:59 US_HSI029_Combined_1UDP_LL.txt
-rw-r--r--    1 lld_mac_client  staff  14379 Feb 13 10:59 US_HSI029_Combined_4QUIC_CL.txt
\nSTDERR:\nWarning: Permanently added '96.37.176.11' (ED25519) to the list of known hosts.
\n