\n=== iPerf3 Individual Execution ===\nReturn code: 0\nSTDOUT:\ntotal 56
drwxr-xr-x    6 mac_studio_server  staff    192 Feb 13 10:59 .
drwxr-x---+ 123 mac_studio_server  staff   3936 Feb 13 10:59 ..
-rw-r--r--    1 mac_studio_server  staff   2839 Feb 13 10:59 DS_HSI029_Combined_1QUIC_LL.txt
-rw-r--r--    1 mac_studio_server  staff   2276 Feb 13 10:59 DS_HSI029_Combined_1UDP_CL.txt
-rw-r--r--    1 mac_studio_server  staff   2272 Feb 13 10:59 DS_HSI029_Combined_1UDP_LL.txt
-rw-r--r--    1 mac_studio_server  staff  14386 Feb 13 10:59 DS_HSI029_Combined_4QUIC_CL.txt
\nSTDERR:\nWarning: Permanently added '71.85.92.83' (ED25519) to the list of known hosts.
\n\n=== iPerf3 Individual Execution ===\nReturn code: 0\nSTDOUT:\ntotal 56
drwxr-xr-x    6 mac_studio_server  staff    192 Feb 13 10:59 .
drwxr-x---+ 123 mac_studio_server  staff   3936 Feb 13 10:59 ..
-rw-r--r--    1 mac_studio_server  staff   2842 Feb 13 11:00 DS_HSI029_Combined_1QUIC_LL.txt
-rw-r--r--    1 mac_studio_server  staff   2276 Feb 13 11:00 DS_HSI029_Combined_1UDP_CL.txt
-rw-r--r--    1 mac_studio_server  staff   2272 Feb 13 11:00 DS_HSI029_Combined_1UDP_LL.txt
-rw-r--r--    1 mac_studio_server  staff  14385 Feb 13 11:00 DS_HSI029_Combined_4QUIC_CL.txt
\nSTDERR:\nWarning: Permanently added '71.85.92.83' (ED25519) to the list of known hosts.
\n\n=== iPerf3 Individual Execution ===\nReturn code: 0\nSTDOUT:\ntotal 56
drwxr-xr-x    6 mac_studio_server  staff    192 Feb 13 10:59 .
drwxr-x---+ 123 mac_studio_server  staff   3936 Feb 13 10:59 ..
-rw-r--r--    1 mac_studio_server  staff   2840 Feb 13 11:01 DS_HSI029_Combined_1QUIC_LL.txt
-rw-r--r--    1 mac_studio_server  staff   2275 Feb 13 11:01 DS_HSI029_Combined_1UDP_CL.txt
-rw-r--r--    1 mac_studio_server  staff   2272 Feb 13 11:01 DS_HSI029_Combined_1UDP_LL.txt
-rw-r--r--    1 mac_studio_server  staff  14386 Feb 13 11:01 DS_HSI029_Combined_4QUIC_CL.txt
\nSTDERR:\nWarning: Permanently added '71.85.92.83' (ED25519) to the list of known hosts.
\n