\n=== iPerf3 Individual Execution ===\nReturn code: 0\nSTDOUT:\ntotal 56
drwxr-xr-x    6 lld_mac_client  staff    192 Feb 13 10:00 .
drwxr-x---+ 171 lld_mac_client  staff   5472 Feb 13 10:00 ..
-rw-r--r--    1 lld_mac_client  staff   2858 Feb 13 10:01 US_HSI018_Combined_1QUIC_LL.txt
-rw-r--r--    1 lld_mac_client  staff   2271 Feb 13 10:01 US_HSI018_Combined_1UDP_CL.txt
-rw-r--r--    1 lld_mac_client  staff   2271 Feb 13 10:01 US_HSI018_Combined_1UDP_LL.txt
-rw-r--r--    1 lld_mac_client  staff  14384 Feb 13 10:01 US_HSI018_Combined_4QUIC_CL.txt
\nSTDERR:\nWarning: Permanently added '96.37.176.11' (ED25519) to the list of known hosts.
\n\n=== iPerf3 Individual Execution ===\nReturn code: 0\nSTDOUT:\ntotal 56
drwxr-xr-x    6 lld_mac_client  staff    192 Feb 13 10:00 .
drwxr-x---+ 171 lld_mac_client  staff   5472 Feb 13 10:00 ..
-rw-r--r--    1 lld_mac_client  staff   2857 Feb 13 10:01 US_HSI018_Combined_1QUIC_LL.txt
-rw-r--r--    1 lld_mac_client  staff   2275 Feb 13 10:01 US_HSI018_Combined_1UDP_CL.txt
-rw-r--r--    1 lld_mac_client  staff   2271 Feb 13 10:01 US_HSI018_Combined_1UDP_LL.txt
-rw-r--r--    1 lld_mac_client  staff  14381 Feb 13 10:01 US_HSI018_Combined_4QUIC_CL.txt
\nSTDERR:\nWarning: Permanently added '96.37.176.11' (ED25519) to the list of known hosts.
\n\n=== iPerf3 Individual Execution ===\nReturn code: 0\nSTDOUT:\ntotal 56
drwxr-xr-x    6 lld_mac_client  staff    192 Feb 13 10:00 .
drwxr-x---+ 171 lld_mac_client  staff   5472 Feb 13 10:00 ..
-rw-r--r--    1 lld_mac_client  staff   2854 Feb 13 10:02 US_HSI018_Combined_1QUIC_LL.txt
-rw-r--r--    1 lld_mac_client  staff   2271 Feb 13 10:02 US_HSI018_Combined_1UDP_CL.txt
-rw-r--r--    1 lld_mac_client  staff   2271 Feb 13 10:02 US_HSI018_Combined_1UDP_LL.txt
-rw-r--r--    1 lld_mac_client  staff  14381 Feb 13 10:02 US_HSI018_Combined_4QUIC_CL.txt
\nSTDERR:\nWarning: Permanently added '96.37.176.11' (ED25519) to the list of known hosts.
\n