\n=== iPerf3 Individual Execution ===\nReturn code: 0\nSTDOUT:\ntotal 168
drwxr-xr-x    6 mac_studio_server  staff    192 Feb 12 22:54 .
drwxr-x---+ 110 mac_studio_server  staff   3520 Feb 12 22:54 ..
-rw-r--r--    1 mac_studio_server  staff  15280 Feb 12 22:55 DS_HSI029_Combined_1QUIC_LL.json
-rw-r--r--    1 mac_studio_server  staff  16271 Feb 12 22:55 DS_HSI029_Combined_1UDP_CL.json
-rw-r--r--    1 mac_studio_server  staff  16204 Feb 12 22:55 DS_HSI029_Combined_1UDP_LL.json
-rw-r--r--    1 mac_studio_server  staff  36644 Feb 12 22:55 DS_HSI029_Combined_4QUIC_CL.json
\nSTDERR:\nWarning: Permanently added '71.85.92.83' (ED25519) to the list of known hosts.
\n\n=== iPerf3 Individual Execution ===\nReturn code: 0\nSTDOUT:\ntotal 168
drwxr-xr-x    6 mac_studio_server  staff    192 Feb 12 22:54 .
drwxr-x---+ 110 mac_studio_server  staff   3520 Feb 12 22:54 ..
-rw-r--r--    1 mac_studio_server  staff  15256 Feb 12 22:55 DS_HSI029_Combined_1QUIC_LL.json
-rw-r--r--    1 mac_studio_server  staff  16223 Feb 12 22:55 DS_HSI029_Combined_1UDP_CL.json
-rw-r--r--    1 mac_studio_server  staff  16225 Feb 12 22:55 DS_HSI029_Combined_1UDP_LL.json
-rw-r--r--    1 mac_studio_server  staff  36626 Feb 12 22:55 DS_HSI029_Combined_4QUIC_CL.json
\nSTDERR:\nWarning: Permanently added '71.85.92.83' (ED25519) to the list of known hosts.
\n\n=== iPerf3 Individual Execution ===\nReturn code: 0\nSTDOUT:\ntotal 168
drwxr-xr-x    6 mac_studio_server  staff    192 Feb 12 22:54 .
drwxr-x---+ 110 mac_studio_server  staff   3520 Feb 12 22:54 ..
-rw-r--r--    1 mac_studio_server  staff  15275 Feb 12 22:56 DS_HSI029_Combined_1QUIC_LL.json
-rw-r--r--    1 mac_studio_server  staff  16254 Feb 12 22:56 DS_HSI029_Combined_1UDP_CL.json
-rw-r--r--    1 mac_studio_server  staff  16245 Feb 12 22:56 DS_HSI029_Combined_1UDP_LL.json
-rw-r--r--    1 mac_studio_server  staff  36599 Feb 12 22:56 DS_HSI029_Combined_4QUIC_CL.json
\nSTDERR:\nWarning: Permanently added '71.85.92.83' (ED25519) to the list of known hosts.
\n