\n=== iPerf3 Individual Execution ===\nReturn code: 0\nSTDOUT:\ntotal 56
drwxr-xr-x    6 mac_studio_server  staff    192 Feb 20 07:55 .
drwxr-x---+ 130 mac_studio_server  staff   4160 Feb 20 07:55 ..
-rw-r--r--    1 mac_studio_server  staff   2840 Feb 20 07:56 DS_HSI029_cma456ccfe0e3f_Combined_1QUIC_LL.txt
-rw-r--r--    1 mac_studio_server  staff   2276 Feb 20 07:56 DS_HSI029_cma456ccfe0e3f_Combined_1UDP_CL.txt
-rw-r--r--    1 mac_studio_server  staff   2272 Feb 20 07:56 DS_HSI029_cma456ccfe0e3f_Combined_1UDP_LL.txt
-rw-r--r--    1 mac_studio_server  staff  14386 Feb 20 07:56 DS_HSI029_cma456ccfe0e3f_Combined_4QUIC_CL.txt
\nSTDERR:\nWarning: Permanently added '71.85.92.83' (ED25519) to the list of known hosts.
\n\n=== iPerf3 Individual Execution ===\nReturn code: 0\nSTDOUT:\ntotal 56
drwxr-xr-x    6 mac_studio_server  staff    192 Feb 20 07:55 .
drwxr-x---+ 130 mac_studio_server  staff   4160 Feb 20 07:55 ..
-rw-r--r--    1 mac_studio_server  staff   2838 Feb 20 07:56 DS_HSI029_cma456ccfe0e3f_Combined_1QUIC_LL.txt
-rw-r--r--    1 mac_studio_server  staff   2275 Feb 20 07:56 DS_HSI029_cma456ccfe0e3f_Combined_1UDP_CL.txt
-rw-r--r--    1 mac_studio_server  staff   2272 Feb 20 07:56 DS_HSI029_cma456ccfe0e3f_Combined_1UDP_LL.txt
-rw-r--r--    1 mac_studio_server  staff  14386 Feb 20 07:56 DS_HSI029_cma456ccfe0e3f_Combined_4QUIC_CL.txt
\nSTDERR:\nWarning: Permanently added '71.85.92.83' (ED25519) to the list of known hosts.
\n\n=== iPerf3 Individual Execution ===\nReturn code: 0\nSTDOUT:\ntotal 56
drwxr-xr-x    6 mac_studio_server  staff    192 Feb 20 07:55 .
drwxr-x---+ 130 mac_studio_server  staff   4160 Feb 20 07:55 ..
-rw-r--r--    1 mac_studio_server  staff   2843 Feb 20 07:57 DS_HSI029_cma456ccfe0e3f_Combined_1QUIC_LL.txt
-rw-r--r--    1 mac_studio_server  staff   2276 Feb 20 07:57 DS_HSI029_cma456ccfe0e3f_Combined_1UDP_CL.txt
-rw-r--r--    1 mac_studio_server  staff   2272 Feb 20 07:57 DS_HSI029_cma456ccfe0e3f_Combined_1UDP_LL.txt
-rw-r--r--    1 mac_studio_server  staff  14386 Feb 20 07:57 DS_HSI029_cma456ccfe0e3f_Combined_4QUIC_CL.txt
\nSTDERR:\nWarning: Permanently added '71.85.92.83' (ED25519) to the list of known hosts.
\n