\n=== iPerf3 Individual Execution ===\nReturn code: 0\nSTDOUT:\ntotal 56
drwxr-xr-x    6 mac_studio_server  staff    192 Feb 13 10:27 .
drwxr-x---+ 119 mac_studio_server  staff   3808 Feb 13 10:27 ..
-rw-r--r--    1 mac_studio_server  staff   2838 Feb 13 10:28 DS_HSI016_Combined_1QUIC_LL.txt
-rw-r--r--    1 mac_studio_server  staff   2276 Feb 13 10:28 DS_HSI016_Combined_1UDP_CL.txt
-rw-r--r--    1 mac_studio_server  staff   2272 Feb 13 10:28 DS_HSI016_Combined_1UDP_LL.txt
-rw-r--r--    1 mac_studio_server  staff  14385 Feb 13 10:28 DS_HSI016_Combined_4QUIC_CL.txt
\nSTDERR:\nWarning: Permanently added '71.85.92.83' (ED25519) to the list of known hosts.
\n\n=== iPerf3 Individual Execution ===\nReturn code: 0\nSTDOUT:\ntotal 56
drwxr-xr-x    6 mac_studio_server  staff    192 Feb 13 10:27 .
drwxr-x---+ 119 mac_studio_server  staff   3808 Feb 13 10:27 ..
-rw-r--r--    1 mac_studio_server  staff   2831 Feb 13 10:28 DS_HSI016_Combined_1QUIC_LL.txt
-rw-r--r--    1 mac_studio_server  staff   2276 Feb 13 10:28 DS_HSI016_Combined_1UDP_CL.txt
-rw-r--r--    1 mac_studio_server  staff   2272 Feb 13 10:28 DS_HSI016_Combined_1UDP_LL.txt
-rw-r--r--    1 mac_studio_server  staff  14386 Feb 13 10:28 DS_HSI016_Combined_4QUIC_CL.txt
\nSTDERR:\nWarning: Permanently added '71.85.92.83' (ED25519) to the list of known hosts.
\n\n=== iPerf3 Individual Execution ===\nReturn code: 0\nSTDOUT:\ntotal 56
drwxr-xr-x    6 mac_studio_server  staff    192 Feb 13 10:27 .
drwxr-x---+ 119 mac_studio_server  staff   3808 Feb 13 10:27 ..
-rw-r--r--    1 mac_studio_server  staff   2837 Feb 13 10:29 DS_HSI016_Combined_1QUIC_LL.txt
-rw-r--r--    1 mac_studio_server  staff   2275 Feb 13 10:29 DS_HSI016_Combined_1UDP_CL.txt
-rw-r--r--    1 mac_studio_server  staff   2272 Feb 13 10:29 DS_HSI016_Combined_1UDP_LL.txt
-rw-r--r--    1 mac_studio_server  staff  14386 Feb 13 10:29 DS_HSI016_Combined_4QUIC_CL.txt
\nSTDERR:\nWarning: Permanently added '71.85.92.83' (ED25519) to the list of known hosts.
\n