\n=== iPerf3 Individual Execution ===\nReturn code: 0\nSTDOUT:\ntotal 168
drwxr-xr-x    6 lld_mac_client  staff    192 Feb 12 20:21 .
drwxr-x---+ 137 lld_mac_client  staff   4384 Feb 12 20:21 ..
-rw-r--r--    1 lld_mac_client  staff  15248 Feb 12 20:22 US_HSI021_Combined_1QUIC_LL.json
-rw-r--r--    1 lld_mac_client  staff  16274 Feb 12 20:22 US_HSI021_Combined_1UDP_CL.json
-rw-r--r--    1 lld_mac_client  staff  16187 Feb 12 20:22 US_HSI021_Combined_1UDP_LL.json
-rw-r--r--    1 lld_mac_client  staff  36722 Feb 12 20:22 US_HSI021_Combined_4QUIC_CL.json
\nSTDERR:\nWarning: Permanently added '96.37.176.11' (ED25519) to the list of known hosts.
\n\n=== iPerf3 Individual Execution ===\nReturn code: 0\nSTDOUT:\ntotal 168
drwxr-xr-x    6 lld_mac_client  staff    192 Feb 12 20:21 .
drwxr-x---+ 137 lld_mac_client  staff   4384 Feb 12 20:21 ..
-rw-r--r--    1 lld_mac_client  staff  15258 Feb 12 20:23 US_HSI021_Combined_1QUIC_LL.json
-rw-r--r--    1 lld_mac_client  staff  16246 Feb 12 20:23 US_HSI021_Combined_1UDP_CL.json
-rw-r--r--    1 lld_mac_client  staff  16219 Feb 12 20:23 US_HSI021_Combined_1UDP_LL.json
-rw-r--r--    1 lld_mac_client  staff  36654 Feb 12 20:23 US_HSI021_Combined_4QUIC_CL.json
\nSTDERR:\nWarning: Permanently added '96.37.176.11' (ED25519) to the list of known hosts.
\n\n=== iPerf3 Individual Execution ===\nReturn code: 0\nSTDOUT:\ntotal 168
drwxr-xr-x    6 lld_mac_client  staff    192 Feb 12 20:21 .
drwxr-x---+ 137 lld_mac_client  staff   4384 Feb 12 20:21 ..
-rw-r--r--    1 lld_mac_client  staff  15290 Feb 12 20:23 US_HSI021_Combined_1QUIC_LL.json
-rw-r--r--    1 lld_mac_client  staff  16191 Feb 12 20:23 US_HSI021_Combined_1UDP_CL.json
-rw-r--r--    1 lld_mac_client  staff  16226 Feb 12 20:23 US_HSI021_Combined_1UDP_LL.json
-rw-r--r--    1 lld_mac_client  staff  36649 Feb 12 20:23 US_HSI021_Combined_4QUIC_CL.json
\nSTDERR:\nWarning: Permanently added '96.37.176.11' (ED25519) to the list of known hosts.
\n