\n=== iPerf3 Individual Execution ===\nReturn code: 0\nSTDOUT:\ntotal 168
drwxr-xr-x    6 lld_mac_client  staff    192 Feb 12 22:52 .
drwxr-x---+ 159 lld_mac_client  staff   5088 Feb 12 22:52 ..
-rw-r--r--    1 lld_mac_client  staff  15273 Feb 12 22:52 US_HSI029_Combined_1QUIC_LL.json
-rw-r--r--    1 lld_mac_client  staff  16174 Feb 12 22:52 US_HSI029_Combined_1UDP_CL.json
-rw-r--r--    1 lld_mac_client  staff  16214 Feb 12 22:52 US_HSI029_Combined_1UDP_LL.json
-rw-r--r--    1 lld_mac_client  staff  36651 Feb 12 22:52 US_HSI029_Combined_4QUIC_CL.json
\nSTDERR:\nWarning: Permanently added '96.37.176.11' (ED25519) to the list of known hosts.
\n\n=== iPerf3 Individual Execution ===\nReturn code: 0\nSTDOUT:\ntotal 168
drwxr-xr-x    6 lld_mac_client  staff    192 Feb 12 22:52 .
drwxr-x---+ 159 lld_mac_client  staff   5088 Feb 12 22:52 ..
-rw-r--r--    1 lld_mac_client  staff  15268 Feb 12 22:53 US_HSI029_Combined_1QUIC_LL.json
-rw-r--r--    1 lld_mac_client  staff  16226 Feb 12 22:53 US_HSI029_Combined_1UDP_CL.json
-rw-r--r--    1 lld_mac_client  staff  16220 Feb 12 22:53 US_HSI029_Combined_1UDP_LL.json
-rw-r--r--    1 lld_mac_client  staff  36596 Feb 12 22:53 US_HSI029_Combined_4QUIC_CL.json
\nSTDERR:\nWarning: Permanently added '96.37.176.11' (ED25519) to the list of known hosts.
\n\n=== iPerf3 Individual Execution ===\nReturn code: 0\nSTDOUT:\ntotal 168
drwxr-xr-x    6 lld_mac_client  staff    192 Feb 12 22:52 .
drwxr-x---+ 159 lld_mac_client  staff   5088 Feb 12 22:52 ..
-rw-r--r--    1 lld_mac_client  staff  15238 Feb 12 22:54 US_HSI029_Combined_1QUIC_LL.json
-rw-r--r--    1 lld_mac_client  staff  16238 Feb 12 22:54 US_HSI029_Combined_1UDP_CL.json
-rw-r--r--    1 lld_mac_client  staff  16245 Feb 12 22:54 US_HSI029_Combined_1UDP_LL.json
-rw-r--r--    1 lld_mac_client  staff  36625 Feb 12 22:54 US_HSI029_Combined_4QUIC_CL.json
\nSTDERR:\nWarning: Permanently added '96.37.176.11' (ED25519) to the list of known hosts.
\n