\n=== iPerf3 Individual Execution ===\nReturn code: 0\nSTDOUT:\ntotal 56
drwxr-xr-x    6 mac_studio_server  staff    192 Feb 13 10:14 .
drwxr-x---+ 117 mac_studio_server  staff   3744 Feb 13 10:14 ..
-rw-r--r--    1 mac_studio_server  staff   2848 Feb 13 10:15 DS_HSI021_Combined_1QUIC_LL.txt
-rw-r--r--    1 mac_studio_server  staff   2272 Feb 13 10:15 DS_HSI021_Combined_1UDP_CL.txt
-rw-r--r--    1 mac_studio_server  staff   2272 Feb 13 10:15 DS_HSI021_Combined_1UDP_LL.txt
-rw-r--r--    1 mac_studio_server  staff  14386 Feb 13 10:15 DS_HSI021_Combined_4QUIC_CL.txt
\nSTDERR:\nWarning: Permanently added '71.85.92.83' (ED25519) to the list of known hosts.
\n\n=== iPerf3 Individual Execution ===\nReturn code: 0\nSTDOUT:\ntotal 56
drwxr-xr-x    6 mac_studio_server  staff    192 Feb 13 10:14 .
drwxr-x---+ 117 mac_studio_server  staff   3744 Feb 13 10:14 ..
-rw-r--r--    1 mac_studio_server  staff   2856 Feb 13 10:16 DS_HSI021_Combined_1QUIC_LL.txt
-rw-r--r--    1 mac_studio_server  staff   2272 Feb 13 10:16 DS_HSI021_Combined_1UDP_CL.txt
-rw-r--r--    1 mac_studio_server  staff   2272 Feb 13 10:16 DS_HSI021_Combined_1UDP_LL.txt
-rw-r--r--    1 mac_studio_server  staff  14385 Feb 13 10:16 DS_HSI021_Combined_4QUIC_CL.txt
\nSTDERR:\nWarning: Permanently added '71.85.92.83' (ED25519) to the list of known hosts.
\n\n=== iPerf3 Individual Execution ===\nReturn code: 0\nSTDOUT:\ntotal 56
drwxr-xr-x    6 mac_studio_server  staff    192 Feb 13 10:14 .
drwxr-x---+ 117 mac_studio_server  staff   3744 Feb 13 10:14 ..
-rw-r--r--    1 mac_studio_server  staff   2854 Feb 13 10:16 DS_HSI021_Combined_1QUIC_LL.txt
-rw-r--r--    1 mac_studio_server  staff   2272 Feb 13 10:16 DS_HSI021_Combined_1UDP_CL.txt
-rw-r--r--    1 mac_studio_server  staff   2272 Feb 13 10:16 DS_HSI021_Combined_1UDP_LL.txt
-rw-r--r--    1 mac_studio_server  staff  14385 Feb 13 10:16 DS_HSI021_Combined_4QUIC_CL.txt
\nSTDERR:\nWarning: Permanently added '71.85.92.83' (ED25519) to the list of known hosts.
\n