\n=== iPerf3 Individual Execution ===\nReturn code: 0\nSTDOUT:\ntotal 168
drwxr-xr-x    6 lld_mac_client  staff    192 Feb 12 19:28 .
drwxr-x---+ 129 lld_mac_client  staff   4128 Feb 12 19:28 ..
-rw-r--r--    1 lld_mac_client  staff  15261 Feb 12 19:28 US_HSI021_Combined_1QUIC_LL.json
-rw-r--r--    1 lld_mac_client  staff  16195 Feb 12 19:28 US_HSI021_Combined_1UDP_CL.json
-rw-r--r--    1 lld_mac_client  staff  16190 Feb 12 19:28 US_HSI021_Combined_1UDP_LL.json
-rw-r--r--    1 lld_mac_client  staff  36650 Feb 12 19:28 US_HSI021_Combined_4QUIC_CL.json
\nSTDERR:\nWarning: Permanently added '96.37.176.11' (ED25519) to the list of known hosts.
\n\n=== iPerf3 Individual Execution ===\nReturn code: 0\nSTDOUT:\ntotal 168
drwxr-xr-x    6 lld_mac_client  staff    192 Feb 12 19:28 .
drwxr-x---+ 129 lld_mac_client  staff   4128 Feb 12 19:28 ..
-rw-r--r--    1 lld_mac_client  staff  15278 Feb 12 19:29 US_HSI021_Combined_1QUIC_LL.json
-rw-r--r--    1 lld_mac_client  staff  16225 Feb 12 19:29 US_HSI021_Combined_1UDP_CL.json
-rw-r--r--    1 lld_mac_client  staff  16145 Feb 12 19:29 US_HSI021_Combined_1UDP_LL.json
-rw-r--r--    1 lld_mac_client  staff  36618 Feb 12 19:29 US_HSI021_Combined_4QUIC_CL.json
\nSTDERR:\nWarning: Permanently added '96.37.176.11' (ED25519) to the list of known hosts.
\n\n=== iPerf3 Individual Execution ===\nReturn code: 0\nSTDOUT:\ntotal 168
drwxr-xr-x    6 lld_mac_client  staff    192 Feb 12 19:28 .
drwxr-x---+ 129 lld_mac_client  staff   4128 Feb 12 19:28 ..
-rw-r--r--    1 lld_mac_client  staff  15231 Feb 12 19:30 US_HSI021_Combined_1QUIC_LL.json
-rw-r--r--    1 lld_mac_client  staff  16192 Feb 12 19:30 US_HSI021_Combined_1UDP_CL.json
-rw-r--r--    1 lld_mac_client  staff  16217 Feb 12 19:30 US_HSI021_Combined_1UDP_LL.json
-rw-r--r--    1 lld_mac_client  staff  36739 Feb 12 19:30 US_HSI021_Combined_4QUIC_CL.json
\nSTDERR:\nWarning: Permanently added '96.37.176.11' (ED25519) to the list of known hosts.
\n