\n=== iPerf3 Individual Execution ===\nReturn code: 0\nSTDOUT:\ntotal 56
drwxr-xr-x    6 mac_studio_server  staff    192 Feb 18 18:25 .
drwxr-x---+ 126 mac_studio_server  staff   4032 Feb 18 18:25 ..
-rw-r--r--    1 mac_studio_server  staff   2837 Feb 18 18:25 DS_HSI029_Combined_1QUIC_LL.txt
-rw-r--r--    1 mac_studio_server  staff   2275 Feb 18 18:25 DS_HSI029_Combined_1UDP_CL.txt
-rw-r--r--    1 mac_studio_server  staff   2272 Feb 18 18:25 DS_HSI029_Combined_1UDP_LL.txt
-rw-r--r--    1 mac_studio_server  staff  14386 Feb 18 18:25 DS_HSI029_Combined_4QUIC_CL.txt
\nSTDERR:\nWarning: Permanently added '71.85.92.83' (ED25519) to the list of known hosts.
\n\n=== iPerf3 Individual Execution ===\nReturn code: 0\nSTDOUT:\ntotal 56
drwxr-xr-x    6 mac_studio_server  staff    192 Feb 18 18:25 .
drwxr-x---+ 126 mac_studio_server  staff   4032 Feb 18 18:25 ..
-rw-r--r--    1 mac_studio_server  staff   2833 Feb 18 18:26 DS_HSI029_Combined_1QUIC_LL.txt
-rw-r--r--    1 mac_studio_server  staff   2276 Feb 18 18:26 DS_HSI029_Combined_1UDP_CL.txt
-rw-r--r--    1 mac_studio_server  staff   2272 Feb 18 18:26 DS_HSI029_Combined_1UDP_LL.txt
-rw-r--r--    1 mac_studio_server  staff  14385 Feb 18 18:26 DS_HSI029_Combined_4QUIC_CL.txt
\nSTDERR:\nWarning: Permanently added '71.85.92.83' (ED25519) to the list of known hosts.
\n\n=== iPerf3 Individual Execution ===\nReturn code: 0\nSTDOUT:\ntotal 56
drwxr-xr-x    6 mac_studio_server  staff    192 Feb 18 18:25 .
drwxr-x---+ 126 mac_studio_server  staff   4032 Feb 18 18:25 ..
-rw-r--r--    1 mac_studio_server  staff   2837 Feb 18 18:27 DS_HSI029_Combined_1QUIC_LL.txt
-rw-r--r--    1 mac_studio_server  staff   2275 Feb 18 18:27 DS_HSI029_Combined_1UDP_CL.txt
-rw-r--r--    1 mac_studio_server  staff   2272 Feb 18 18:27 DS_HSI029_Combined_1UDP_LL.txt
-rw-r--r--    1 mac_studio_server  staff  14385 Feb 18 18:27 DS_HSI029_Combined_4QUIC_CL.txt
\nSTDERR:\nWarning: Permanently added '71.85.92.83' (ED25519) to the list of known hosts.
\n