\n=== iPerf3 Individual Execution ===\nReturn code: 0\nSTDOUT:\ntotal 168
drwxr-xr-x   6 mac_studio_server  staff    192 Feb 12 19:30 .
drwxr-x---+ 86 mac_studio_server  staff   2752 Feb 12 19:30 ..
-rw-r--r--   1 mac_studio_server  staff  15289 Feb 12 19:30 DS_HSI021_Combined_1QUIC_LL.json
-rw-r--r--   1 mac_studio_server  staff  16203 Feb 12 19:30 DS_HSI021_Combined_1UDP_CL.json
-rw-r--r--   1 mac_studio_server  staff  16205 Feb 12 19:30 DS_HSI021_Combined_1UDP_LL.json
-rw-r--r--   1 mac_studio_server  staff  36768 Feb 12 19:30 DS_HSI021_Combined_4QUIC_CL.json
\nSTDERR:\nWarning: Permanently added '71.85.92.83' (ED25519) to the list of known hosts.
\n\n=== iPerf3 Individual Execution ===\nReturn code: 0\nSTDOUT:\ntotal 168
drwxr-xr-x   6 mac_studio_server  staff    192 Feb 12 19:30 .
drwxr-x---+ 86 mac_studio_server  staff   2752 Feb 12 19:30 ..
-rw-r--r--   1 mac_studio_server  staff  15232 Feb 12 19:31 DS_HSI021_Combined_1QUIC_LL.json
-rw-r--r--   1 mac_studio_server  staff  16273 Feb 12 19:31 DS_HSI021_Combined_1UDP_CL.json
-rw-r--r--   1 mac_studio_server  staff  16215 Feb 12 19:31 DS_HSI021_Combined_1UDP_LL.json
-rw-r--r--   1 mac_studio_server  staff  36732 Feb 12 19:31 DS_HSI021_Combined_4QUIC_CL.json
\nSTDERR:\nWarning: Permanently added '71.85.92.83' (ED25519) to the list of known hosts.
\n\n=== iPerf3 Individual Execution ===\nReturn code: 0\nSTDOUT:\ntotal 168
drwxr-xr-x   6 mac_studio_server  staff    192 Feb 12 19:30 .
drwxr-x---+ 86 mac_studio_server  staff   2752 Feb 12 19:30 ..
-rw-r--r--   1 mac_studio_server  staff  15247 Feb 12 19:32 DS_HSI021_Combined_1QUIC_LL.json
-rw-r--r--   1 mac_studio_server  staff  16203 Feb 12 19:32 DS_HSI021_Combined_1UDP_CL.json
-rw-r--r--   1 mac_studio_server  staff  16215 Feb 12 19:32 DS_HSI021_Combined_1UDP_LL.json
-rw-r--r--   1 mac_studio_server  staff  36714 Feb 12 19:32 DS_HSI021_Combined_4QUIC_CL.json
\nSTDERR:\nWarning: Permanently added '71.85.92.83' (ED25519) to the list of known hosts.
\n