\n=== iPerf3 Individual Execution ===\nReturn code: 0\nSTDOUT:\ntotal 168
drwxr-xr-x    6 lld_mac_client  staff    192 Feb 12 20:09 .
drwxr-x---+ 135 lld_mac_client  staff   4320 Feb 12 20:09 ..
-rw-r--r--    1 lld_mac_client  staff  14110 Feb 12 20:10 US_HSI021_Combined_1QUIC_LL.json
-rw-r--r--    1 lld_mac_client  staff  16206 Feb 12 20:10 US_HSI021_Combined_1UDP_CL.json
-rw-r--r--    1 lld_mac_client  staff  16095 Feb 12 20:10 US_HSI021_Combined_1UDP_LL.json
-rw-r--r--    1 lld_mac_client  staff  36787 Feb 12 20:10 US_HSI021_Combined_4QUIC_CL.json
\nSTDERR:\nWarning: Permanently added '96.37.176.11' (ED25519) to the list of known hosts.
\n\n=== iPerf3 Individual Execution ===\nReturn code: 0\nSTDOUT:\ntotal 168
drwxr-xr-x    6 lld_mac_client  staff    192 Feb 12 20:09 .
drwxr-x---+ 135 lld_mac_client  staff   4320 Feb 12 20:09 ..
-rw-r--r--    1 lld_mac_client  staff  15262 Feb 12 20:11 US_HSI021_Combined_1QUIC_LL.json
-rw-r--r--    1 lld_mac_client  staff  16254 Feb 12 20:11 US_HSI021_Combined_1UDP_CL.json
-rw-r--r--    1 lld_mac_client  staff  16032 Feb 12 20:11 US_HSI021_Combined_1UDP_LL.json
-rw-r--r--    1 lld_mac_client  staff  36673 Feb 12 20:11 US_HSI021_Combined_4QUIC_CL.json
\nSTDERR:\nWarning: Permanently added '96.37.176.11' (ED25519) to the list of known hosts.
\n\n=== iPerf3 Individual Execution ===\nReturn code: 0\nSTDOUT:\ntotal 168
drwxr-xr-x    6 lld_mac_client  staff    192 Feb 12 20:09 .
drwxr-x---+ 135 lld_mac_client  staff   4320 Feb 12 20:09 ..
-rw-r--r--    1 lld_mac_client  staff  15273 Feb 12 20:11 US_HSI021_Combined_1QUIC_LL.json
-rw-r--r--    1 lld_mac_client  staff  16224 Feb 12 20:11 US_HSI021_Combined_1UDP_CL.json
-rw-r--r--    1 lld_mac_client  staff  16208 Feb 12 20:11 US_HSI021_Combined_1UDP_LL.json
-rw-r--r--    1 lld_mac_client  staff  36693 Feb 12 20:11 US_HSI021_Combined_4QUIC_CL.json
\nSTDERR:\nWarning: Permanently added '96.37.176.11' (ED25519) to the list of known hosts.
\n