\n=== iPerf3 Individual Execution ===\nReturn code: 0\nSTDOUT:\ntotal 56
drwxr-xr-x    6 lld_mac_client  staff    192 Feb 16 15:51 .
drwxr-x---+ 181 lld_mac_client  staff   5792 Feb 16 15:51 ..
-rw-r--r--    1 lld_mac_client  staff   2856 Feb 16 15:51 US_HSI018_Combined_1QUIC_LL.txt
-rw-r--r--    1 lld_mac_client  staff   2276 Feb 16 15:51 US_HSI018_Combined_1UDP_CL.txt
-rw-r--r--    1 lld_mac_client  staff   2271 Feb 16 15:51 US_HSI018_Combined_1UDP_LL.txt
-rw-r--r--    1 lld_mac_client  staff  14381 Feb 16 15:51 US_HSI018_Combined_4QUIC_CL.txt
\nSTDERR:\nWarning: Permanently added '96.37.176.11' (ED25519) to the list of known hosts.
\n\n=== iPerf3 Individual Execution ===\nReturn code: 0\nSTDOUT:\ntotal 56
drwxr-xr-x    6 lld_mac_client  staff    192 Feb 16 15:51 .
drwxr-x---+ 181 lld_mac_client  staff   5792 Feb 16 15:51 ..
-rw-r--r--    1 lld_mac_client  staff   2856 Feb 16 15:52 US_HSI018_Combined_1QUIC_LL.txt
-rw-r--r--    1 lld_mac_client  staff   2275 Feb 16 15:52 US_HSI018_Combined_1UDP_CL.txt
-rw-r--r--    1 lld_mac_client  staff   2271 Feb 16 15:52 US_HSI018_Combined_1UDP_LL.txt
-rw-r--r--    1 lld_mac_client  staff  14380 Feb 16 15:52 US_HSI018_Combined_4QUIC_CL.txt
\nSTDERR:\nWarning: Permanently added '96.37.176.11' (ED25519) to the list of known hosts.
\n\n=== iPerf3 Individual Execution ===\nReturn code: 0\nSTDOUT:\ntotal 56
drwxr-xr-x    6 lld_mac_client  staff    192 Feb 16 15:51 .
drwxr-x---+ 181 lld_mac_client  staff   5792 Feb 16 15:51 ..
-rw-r--r--    1 lld_mac_client  staff   2849 Feb 16 15:53 US_HSI018_Combined_1QUIC_LL.txt
-rw-r--r--    1 lld_mac_client  staff   2275 Feb 16 15:53 US_HSI018_Combined_1UDP_CL.txt
-rw-r--r--    1 lld_mac_client  staff   2271 Feb 16 15:53 US_HSI018_Combined_1UDP_LL.txt
-rw-r--r--    1 lld_mac_client  staff  14377 Feb 16 15:53 US_HSI018_Combined_4QUIC_CL.txt
\nSTDERR:\nWarning: Permanently added '96.37.176.11' (ED25519) to the list of known hosts.
\n