\n=== iPerf3 Individual Execution ===\nReturn code: 0\nSTDOUT:\ntotal 56
drwxr-xr-x    6 lld_mac_client  staff    192 Feb 13 10:25 .
drwxr-x---+ 175 lld_mac_client  staff   5600 Feb 13 10:25 ..
-rw-r--r--    1 lld_mac_client  staff   2858 Feb 13 10:25 US_HSI016_Combined_1QUIC_LL.txt
-rw-r--r--    1 lld_mac_client  staff   2275 Feb 13 10:25 US_HSI016_Combined_1UDP_CL.txt
-rw-r--r--    1 lld_mac_client  staff   2271 Feb 13 10:25 US_HSI016_Combined_1UDP_LL.txt
-rw-r--r--    1 lld_mac_client  staff  14389 Feb 13 10:25 US_HSI016_Combined_4QUIC_CL.txt
\nSTDERR:\nWarning: Permanently added '96.37.176.11' (ED25519) to the list of known hosts.
\n\n=== iPerf3 Individual Execution ===\nReturn code: 0\nSTDOUT:\ntotal 56
drwxr-xr-x    6 lld_mac_client  staff    192 Feb 13 10:25 .
drwxr-x---+ 175 lld_mac_client  staff   5600 Feb 13 10:25 ..
-rw-r--r--    1 lld_mac_client  staff   2858 Feb 13 10:26 US_HSI016_Combined_1QUIC_LL.txt
-rw-r--r--    1 lld_mac_client  staff   2275 Feb 13 10:26 US_HSI016_Combined_1UDP_CL.txt
-rw-r--r--    1 lld_mac_client  staff   2271 Feb 13 10:26 US_HSI016_Combined_1UDP_LL.txt
-rw-r--r--    1 lld_mac_client  staff  14389 Feb 13 10:26 US_HSI016_Combined_4QUIC_CL.txt
\nSTDERR:\nWarning: Permanently added '96.37.176.11' (ED25519) to the list of known hosts.
\n\n=== iPerf3 Individual Execution ===\nReturn code: 0\nSTDOUT:\ntotal 56
drwxr-xr-x    6 lld_mac_client  staff    192 Feb 13 10:25 .
drwxr-x---+ 175 lld_mac_client  staff   5600 Feb 13 10:25 ..
-rw-r--r--    1 lld_mac_client  staff   2858 Feb 13 10:27 US_HSI016_Combined_1QUIC_LL.txt
-rw-r--r--    1 lld_mac_client  staff   2274 Feb 13 10:27 US_HSI016_Combined_1UDP_CL.txt
-rw-r--r--    1 lld_mac_client  staff   2274 Feb 13 10:27 US_HSI016_Combined_1UDP_LL.txt
-rw-r--r--    1 lld_mac_client  staff  14388 Feb 13 10:27 US_HSI016_Combined_4QUIC_CL.txt
\nSTDERR:\nWarning: Permanently added '96.37.176.11' (ED25519) to the list of known hosts.
\n