\n=== iPerf3 Individual Execution ===\nReturn code: 0\nSTDOUT:\ntotal 56
drwxr-xr-x    6 lld_mac_client  staff    192 Feb 13 10:44 .
drwxr-x---+ 178 lld_mac_client  staff   5696 Feb 13 10:44 ..
-rw-r--r--    1 lld_mac_client  staff   2855 Feb 13 10:44 US_HSI018_Combined_1QUIC_LL.txt
-rw-r--r--    1 lld_mac_client  staff   2272 Feb 13 10:44 US_HSI018_Combined_1UDP_CL.txt
-rw-r--r--    1 lld_mac_client  staff   2271 Feb 13 10:44 US_HSI018_Combined_1UDP_LL.txt
-rw-r--r--    1 lld_mac_client  staff  14381 Feb 13 10:44 US_HSI018_Combined_4QUIC_CL.txt
\nSTDERR:\nWarning: Permanently added '96.37.176.11' (ED25519) to the list of known hosts.
\n\n=== iPerf3 Individual Execution ===\nReturn code: 0\nSTDOUT:\ntotal 56
drwxr-xr-x    6 lld_mac_client  staff    192 Feb 13 10:44 .
drwxr-x---+ 178 lld_mac_client  staff   5696 Feb 13 10:44 ..
-rw-r--r--    1 lld_mac_client  staff   2855 Feb 13 10:45 US_HSI018_Combined_1QUIC_LL.txt
-rw-r--r--    1 lld_mac_client  staff   2274 Feb 13 10:45 US_HSI018_Combined_1UDP_CL.txt
-rw-r--r--    1 lld_mac_client  staff   2271 Feb 13 10:45 US_HSI018_Combined_1UDP_LL.txt
-rw-r--r--    1 lld_mac_client  staff  14381 Feb 13 10:45 US_HSI018_Combined_4QUIC_CL.txt
\nSTDERR:\nWarning: Permanently added '96.37.176.11' (ED25519) to the list of known hosts.
\n\n=== iPerf3 Individual Execution ===\nReturn code: 0\nSTDOUT:\ntotal 56
drwxr-xr-x    6 lld_mac_client  staff    192 Feb 13 10:44 .
drwxr-x---+ 178 lld_mac_client  staff   5696 Feb 13 10:44 ..
-rw-r--r--    1 lld_mac_client  staff   2856 Feb 13 10:46 US_HSI018_Combined_1QUIC_LL.txt
-rw-r--r--    1 lld_mac_client  staff   2274 Feb 13 10:46 US_HSI018_Combined_1UDP_CL.txt
-rw-r--r--    1 lld_mac_client  staff   2271 Feb 13 10:46 US_HSI018_Combined_1UDP_LL.txt
-rw-r--r--    1 lld_mac_client  staff  14381 Feb 13 10:46 US_HSI018_Combined_4QUIC_CL.txt
\nSTDERR:\nWarning: Permanently added '96.37.176.11' (ED25519) to the list of known hosts.
\n