\n=== iPerf3 Individual Execution ===\nReturn code: 0\nSTDOUT:\ntotal 56
drwxr-xr-x    6 lld_mac_client  staff    192 Feb 18 18:22 .
drwxr-x---+ 183 lld_mac_client  staff   5856 Feb 18 18:22 ..
-rw-r--r--    1 lld_mac_client  staff   2841 Feb 18 18:23 US_HSI029_Combined_1QUIC_LL.txt
-rw-r--r--    1 lld_mac_client  staff   2275 Feb 18 18:23 US_HSI029_Combined_1UDP_CL.txt
-rw-r--r--    1 lld_mac_client  staff   2271 Feb 18 18:23 US_HSI029_Combined_1UDP_LL.txt
-rw-r--r--    1 lld_mac_client  staff  14382 Feb 18 18:23 US_HSI029_Combined_4QUIC_CL.txt
\nSTDERR:\nWarning: Permanently added '96.37.176.11' (ED25519) to the list of known hosts.
\n\n=== iPerf3 Individual Execution ===\nReturn code: 0\nSTDOUT:\ntotal 56
drwxr-xr-x    6 lld_mac_client  staff    192 Feb 18 18:22 .
drwxr-x---+ 183 lld_mac_client  staff   5856 Feb 18 18:22 ..
-rw-r--r--    1 lld_mac_client  staff   2833 Feb 18 18:24 US_HSI029_Combined_1QUIC_LL.txt
-rw-r--r--    1 lld_mac_client  staff   2275 Feb 18 18:24 US_HSI029_Combined_1UDP_CL.txt
-rw-r--r--    1 lld_mac_client  staff   2271 Feb 18 18:24 US_HSI029_Combined_1UDP_LL.txt
-rw-r--r--    1 lld_mac_client  staff  14384 Feb 18 18:24 US_HSI029_Combined_4QUIC_CL.txt
\nSTDERR:\nWarning: Permanently added '96.37.176.11' (ED25519) to the list of known hosts.
\n\n=== iPerf3 Individual Execution ===\nReturn code: 0\nSTDOUT:\ntotal 56
drwxr-xr-x    6 lld_mac_client  staff    192 Feb 18 18:22 .
drwxr-x---+ 183 lld_mac_client  staff   5856 Feb 18 18:22 ..
-rw-r--r--    1 lld_mac_client  staff   2841 Feb 18 18:24 US_HSI029_Combined_1QUIC_LL.txt
-rw-r--r--    1 lld_mac_client  staff   2275 Feb 18 18:24 US_HSI029_Combined_1UDP_CL.txt
-rw-r--r--    1 lld_mac_client  staff   2271 Feb 18 18:24 US_HSI029_Combined_1UDP_LL.txt
-rw-r--r--    1 lld_mac_client  staff  14379 Feb 18 18:24 US_HSI029_Combined_4QUIC_CL.txt
\nSTDERR:\nWarning: Permanently added '96.37.176.11' (ED25519) to the list of known hosts.
\n