\n=== iPerf3 Individual Execution ===\nReturn code: 0\nSTDOUT:\ntotal 168
drwxr-xr-x    6 mac_studio_server  staff    192 Feb 12 22:38 .
drwxr-x---+ 108 mac_studio_server  staff   3456 Feb 12 22:38 ..
-rw-r--r--    1 mac_studio_server  staff  15258 Feb 12 22:38 DS_HSI016_Combined_1QUIC_LL.json
-rw-r--r--    1 mac_studio_server  staff  16215 Feb 12 22:38 DS_HSI016_Combined_1UDP_CL.json
-rw-r--r--    1 mac_studio_server  staff  16201 Feb 12 22:38 DS_HSI016_Combined_1UDP_LL.json
-rw-r--r--    1 mac_studio_server  staff  36568 Feb 12 22:38 DS_HSI016_Combined_4QUIC_CL.json
\nSTDERR:\nWarning: Permanently added '71.85.92.83' (ED25519) to the list of known hosts.
\n\n=== iPerf3 Individual Execution ===\nReturn code: 0\nSTDOUT:\ntotal 168
drwxr-xr-x    6 mac_studio_server  staff    192 Feb 12 22:38 .
drwxr-x---+ 108 mac_studio_server  staff   3456 Feb 12 22:38 ..
-rw-r--r--    1 mac_studio_server  staff  15289 Feb 12 22:39 DS_HSI016_Combined_1QUIC_LL.json
-rw-r--r--    1 mac_studio_server  staff  16171 Feb 12 22:39 DS_HSI016_Combined_1UDP_CL.json
-rw-r--r--    1 mac_studio_server  staff  16112 Feb 12 22:39 DS_HSI016_Combined_1UDP_LL.json
-rw-r--r--    1 mac_studio_server  staff  36682 Feb 12 22:39 DS_HSI016_Combined_4QUIC_CL.json
\nSTDERR:\nWarning: Permanently added '71.85.92.83' (ED25519) to the list of known hosts.
\n\n=== iPerf3 Individual Execution ===\nReturn code: 0\nSTDOUT:\ntotal 168
drwxr-xr-x    6 mac_studio_server  staff    192 Feb 12 22:38 .
drwxr-x---+ 108 mac_studio_server  staff   3456 Feb 12 22:38 ..
-rw-r--r--    1 mac_studio_server  staff  15299 Feb 12 22:40 DS_HSI016_Combined_1QUIC_LL.json
-rw-r--r--    1 mac_studio_server  staff  16238 Feb 12 22:40 DS_HSI016_Combined_1UDP_CL.json
-rw-r--r--    1 mac_studio_server  staff  16186 Feb 12 22:40 DS_HSI016_Combined_1UDP_LL.json
-rw-r--r--    1 mac_studio_server  staff  36595 Feb 12 22:40 DS_HSI016_Combined_4QUIC_CL.json
\nSTDERR:\nWarning: Permanently added '71.85.92.83' (ED25519) to the list of known hosts.
\n