\n=== iPerf3 Individual Execution ===\nReturn code: 0\nSTDOUT:\ntotal 168
drwxr-xr-x    6 lld_mac_client  staff    192 Feb 12 19:44 .
drwxr-x---+ 131 lld_mac_client  staff   4192 Feb 12 19:44 ..
-rw-r--r--    1 lld_mac_client  staff  15239 Feb 12 19:44 US_HSI021_Combined_1QUIC_LL.json
-rw-r--r--    1 lld_mac_client  staff  16238 Feb 12 19:44 US_HSI021_Combined_1UDP_CL.json
-rw-r--r--    1 lld_mac_client  staff  16189 Feb 12 19:44 US_HSI021_Combined_1UDP_LL.json
-rw-r--r--    1 lld_mac_client  staff  36709 Feb 12 19:44 US_HSI021_Combined_4QUIC_CL.json
\nSTDERR:\nWarning: Permanently added '96.37.176.11' (ED25519) to the list of known hosts.
\n\n=== iPerf3 Individual Execution ===\nReturn code: 0\nSTDOUT:\ntotal 168
drwxr-xr-x    6 lld_mac_client  staff    192 Feb 12 19:44 .
drwxr-x---+ 131 lld_mac_client  staff   4192 Feb 12 19:44 ..
-rw-r--r--    1 lld_mac_client  staff  15261 Feb 12 19:45 US_HSI021_Combined_1QUIC_LL.json
-rw-r--r--    1 lld_mac_client  staff  16247 Feb 12 19:45 US_HSI021_Combined_1UDP_CL.json
-rw-r--r--    1 lld_mac_client  staff  16206 Feb 12 19:45 US_HSI021_Combined_1UDP_LL.json
-rw-r--r--    1 lld_mac_client  staff  36698 Feb 12 19:45 US_HSI021_Combined_4QUIC_CL.json
\nSTDERR:\nWarning: Permanently added '96.37.176.11' (ED25519) to the list of known hosts.
\n\n=== iPerf3 Individual Execution ===\nReturn code: 0\nSTDOUT:\ntotal 168
drwxr-xr-x    6 lld_mac_client  staff    192 Feb 12 19:44 .
drwxr-x---+ 131 lld_mac_client  staff   4192 Feb 12 19:44 ..
-rw-r--r--    1 lld_mac_client  staff  15267 Feb 12 19:46 US_HSI021_Combined_1QUIC_LL.json
-rw-r--r--    1 lld_mac_client  staff  16171 Feb 12 19:46 US_HSI021_Combined_1UDP_CL.json
-rw-r--r--    1 lld_mac_client  staff  16202 Feb 12 19:46 US_HSI021_Combined_1UDP_LL.json
-rw-r--r--    1 lld_mac_client  staff  36689 Feb 12 19:46 US_HSI021_Combined_4QUIC_CL.json
\nSTDERR:\nWarning: Permanently added '96.37.176.11' (ED25519) to the list of known hosts.
\n